{"/home/carla/workspace/LegalCheckup/client/src/setupTests.js": {"path":"/home/carla/workspace/LegalCheckup/client/src/setupTests.js","statementMap":{"0":{"start":{"line":7,"column":0},"end":{"line":7,"column":44}},"1":{"start":{"line":9,"column":0},"end":{"line":9,"column":22}}},"fnMap":{},"branchMap":{},"s":{"0":19,"1":19},"f":{},"b":{},"_coverageSchema":"332fd63041d2c1bcb487cc26dd0d5f7d97098a6c","hash":"e94201fdf0a2bda38bc09e3ed1cd48a935f9e6ed"}
,"/home/carla/workspace/LegalCheckup/client/src/components/Footer/index.js": {"path":"/home/carla/workspace/LegalCheckup/client/src/components/Footer/index.js","statementMap":{"0":{"start":{"line":5,"column":2},"end":{"line":17,"column":3}}},"fnMap":{"0":{"name":"Footer","decl":{"start":{"line":4,"column":24},"end":{"line":4,"column":30}},"loc":{"start":{"line":4,"column":34},"end":{"line":18,"column":1}},"line":4}},"branchMap":{},"s":{"0":1},"f":{"0":1},"b":{},"_coverageSchema":"332fd63041d2c1bcb487cc26dd0d5f7d97098a6c","hash":"f7035efaba468a64b7dbe2fc091bb1949768a8fe"}
,"/home/carla/workspace/LegalCheckup/client/src/components/styled/AnswerBar/index.js": {"path":"/home/carla/workspace/LegalCheckup/client/src/components/styled/AnswerBar/index.js","statementMap":{"0":{"start":{"line":3,"column":18},"end":{"line":8,"column":1}},"1":{"start":{"line":9,"column":0},"end":{"line":9,"column":41}}},"fnMap":{},"branchMap":{},"s":{"0":1,"1":1},"f":{},"b":{},"_coverageSchema":"332fd63041d2c1bcb487cc26dd0d5f7d97098a6c","hash":"c46cd4bc8339ebeac57ed1844a0077303196e610"}
,"/home/carla/workspace/LegalCheckup/client/src/components/styled/CurrentTopic/index.js": {"path":"/home/carla/workspace/LegalCheckup/client/src/components/styled/CurrentTopic/index.js","statementMap":{"0":{"start":{"line":3,"column":21},"end":{"line":13,"column":1}},"1":{"start":{"line":15,"column":0},"end":{"line":15,"column":47}}},"fnMap":{},"branchMap":{},"s":{"0":3,"1":3},"f":{},"b":{},"_coverageSchema":"332fd63041d2c1bcb487cc26dd0d5f7d97098a6c","hash":"7379369fa94569b46fa8fc5f0518a03349c90881"}
,"/home/carla/workspace/LegalCheckup/client/src/components/styled/DesktopNextButton/index.js": {"path":"/home/carla/workspace/LegalCheckup/client/src/components/styled/DesktopNextButton/index.js","statementMap":{"0":{"start":{"line":1,"column":0},"end":{"line":null,"column":-1}},"1":{"start":{"line":3,"column":26},"end":{"line":3,"column":0}},"2":{"start":{"line":7,"column":11},"end":{"line":7,"column":10}},"3":{"start":{"line":7,"column":11},"end":{"line":null,"column":-1}},"4":{"start":{"line":12,"column":0},"end":{"line":null,"column":-1}}},"fnMap":{"0":{"name":"(anonymous_4)","decl":{"start":{"line":7,"column":11},"end":{"line":null,"column":-1}},"loc":{"start":{"line":7,"column":11},"end":{"line":3,"column":23}}}},"branchMap":{"0":{"loc":{"start":{"line":7,"column":39},"end":{"line":7,"column":36}},"type":"cond-expr","locations":[{"start":{"line":7,"column":39},"end":{"line":7,"column":36}},{"start":{"line":7,"column":48},"end":{"line":7,"column":11}}]}},"s":{"0":0,"1":0,"2":0,"3":0,"4":0},"f":{"0":0},"b":{"0":[0,0]}}
,"/home/carla/workspace/LegalCheckup/client/src/components/styled/DesktopPreviousButton/index.js": {"path":"/home/carla/workspace/LegalCheckup/client/src/components/styled/DesktopPreviousButton/index.js","statementMap":{"0":{"start":{"line":1,"column":0},"end":{"line":null,"column":-1}},"1":{"start":{"line":3,"column":30},"end":{"line":3,"column":0}},"2":{"start":{"line":7,"column":11},"end":{"line":7,"column":10}},"3":{"start":{"line":7,"column":11},"end":{"line":null,"column":-1}},"4":{"start":{"line":12,"column":0},"end":{"line":null,"column":-1}}},"fnMap":{"0":{"name":"(anonymous_4)","decl":{"start":{"line":7,"column":11},"end":{"line":null,"column":-1}},"loc":{"start":{"line":7,"column":11},"end":{"line":3,"column":27}}}},"branchMap":{"0":{"loc":{"start":{"line":7,"column":39},"end":{"line":7,"column":36}},"type":"cond-expr","locations":[{"start":{"line":7,"column":39},"end":{"line":7,"column":36}},{"start":{"line":7,"column":48},"end":{"line":7,"column":11}}]}},"s":{"0":0,"1":0,"2":0,"3":0,"4":0},"f":{"0":0},"b":{"0":[0,0]}}
,"/home/carla/workspace/LegalCheckup/client/src/components/styled/DesktopProgressBar/index.js": {"path":"/home/carla/workspace/LegalCheckup/client/src/components/styled/DesktopProgressBar/index.js","statementMap":{"0":{"start":{"line":1,"column":0},"end":{"line":null,"column":-1}},"1":{"start":{"line":3,"column":27},"end":{"line":3,"column":0}},"2":{"start":{"line":10,"column":0},"end":{"line":null,"column":-1}}},"fnMap":{},"branchMap":{},"s":{"0":0,"1":0,"2":0},"f":{},"b":{}}
,"/home/carla/workspace/LegalCheckup/client/src/components/styled/DesktopQuestionButton/index.js": {"path":"/home/carla/workspace/LegalCheckup/client/src/components/styled/DesktopQuestionButton/index.js","statementMap":{"0":{"start":{"line":1,"column":0},"end":{"line":null,"column":-1}},"1":{"start":{"line":3,"column":30},"end":{"line":3,"column":0}},"2":{"start":{"line":7,"column":11},"end":{"line":7,"column":10}},"3":{"start":{"line":7,"column":11},"end":{"line":null,"column":-1}},"4":{"start":{"line":12,"column":0},"end":{"line":null,"column":-1}}},"fnMap":{"0":{"name":"(anonymous_4)","decl":{"start":{"line":7,"column":11},"end":{"line":null,"column":-1}},"loc":{"start":{"line":7,"column":11},"end":{"line":3,"column":27}}}},"branchMap":{"0":{"loc":{"start":{"line":7,"column":39},"end":{"line":7,"column":36}},"type":"cond-expr","locations":[{"start":{"line":7,"column":39},"end":{"line":7,"column":36}},{"start":{"line":7,"column":48},"end":{"line":7,"column":11}}]}},"s":{"0":0,"1":0,"2":0,"3":0,"4":0},"f":{"0":0},"b":{"0":[0,0]}}
,"/home/carla/workspace/LegalCheckup/client/src/components/styled/Footer/index.js": {"path":"/home/carla/workspace/LegalCheckup/client/src/components/styled/Footer/index.js","statementMap":{"0":{"start":{"line":3,"column":15},"end":{"line":8,"column":1}},"1":{"start":{"line":9,"column":0},"end":{"line":9,"column":35}}},"fnMap":{},"branchMap":{},"s":{"0":3,"1":3},"f":{},"b":{},"_coverageSchema":"332fd63041d2c1bcb487cc26dd0d5f7d97098a6c","hash":"9ea8d48db8501b77b51812a76eefc70cf311bc0b"}
,"/home/carla/workspace/LegalCheckup/client/src/components/styled/FooterLink/index.js": {"path":"/home/carla/workspace/LegalCheckup/client/src/components/styled/FooterLink/index.js","statementMap":{"0":{"start":{"line":3,"column":19},"end":{"line":17,"column":1}},"1":{"start":{"line":18,"column":0},"end":{"line":18,"column":43}}},"fnMap":{},"branchMap":{},"s":{"0":3,"1":3},"f":{},"b":{},"_coverageSchema":"332fd63041d2c1bcb487cc26dd0d5f7d97098a6c","hash":"b338a6d8437d63870a1dc3d7a2700793ad27480f"}
,"/home/carla/workspace/LegalCheckup/client/src/components/styled/Layout/index.js": {"path":"/home/carla/workspace/LegalCheckup/client/src/components/styled/Layout/index.js","statementMap":{"0":{"start":{"line":3,"column":15},"end":{"line":6,"column":1}},"1":{"start":{"line":7,"column":0},"end":{"line":7,"column":35}}},"fnMap":{},"branchMap":{},"s":{"0":3,"1":3},"f":{},"b":{},"_coverageSchema":"332fd63041d2c1bcb487cc26dd0d5f7d97098a6c","hash":"e7e33bbcacd03daf8b2508679e19da72ea2caabe"}
,"/home/carla/workspace/LegalCheckup/client/src/components/styled/LinkExternal/index.js": {"path":"/home/carla/workspace/LegalCheckup/client/src/components/styled/LinkExternal/index.js","statementMap":{"0":{"start":{"line":1,"column":0},"end":{"line":null,"column":-1}},"1":{"start":{"line":3,"column":21},"end":{"line":3,"column":0}},"2":{"start":{"line":4,"column":0},"end":{"line":null,"column":-1}}},"fnMap":{},"branchMap":{},"s":{"0":0,"1":0,"2":0},"f":{},"b":{}}
,"/home/carla/workspace/LegalCheckup/client/src/components/styled/LinkInternal/index.js": {"path":"/home/carla/workspace/LegalCheckup/client/src/components/styled/LinkInternal/index.js","statementMap":{"0":{"start":{"line":3,"column":21},"end":{"line":5,"column":1}},"1":{"start":{"line":6,"column":0},"end":{"line":6,"column":47}}},"fnMap":{},"branchMap":{},"s":{"0":2,"1":2},"f":{},"b":{},"_coverageSchema":"332fd63041d2c1bcb487cc26dd0d5f7d97098a6c","hash":"9486ca858d58e9c54096156159b29f702e6220f1"}
,"/home/carla/workspace/LegalCheckup/client/src/components/styled/MobileNextButton/index.js": {"path":"/home/carla/workspace/LegalCheckup/client/src/components/styled/MobileNextButton/index.js","statementMap":{"0":{"start":{"line":3,"column":25},"end":{"line":11,"column":1}},"1":{"start":{"line":7,"column":29},"end":{"line":7,"column":57}},"2":{"start":{"line":12,"column":0},"end":{"line":12,"column":55}}},"fnMap":{"0":{"name":"(anonymous_0)","decl":{"start":{"line":7,"column":11},"end":{"line":7,"column":12}},"loc":{"start":{"line":7,"column":29},"end":{"line":7,"column":57}},"line":7}},"branchMap":{"0":{"loc":{"start":{"line":7,"column":29},"end":{"line":7,"column":57}},"type":"cond-expr","locations":[{"start":{"line":7,"column":39},"end":{"line":7,"column":45}},{"start":{"line":7,"column":48},"end":{"line":7,"column":57}}],"line":7}},"s":{"0":1,"1":0,"2":1},"f":{"0":0},"b":{"0":[0,0]},"_coverageSchema":"332fd63041d2c1bcb487cc26dd0d5f7d97098a6c","hash":"216dbe2f36fea4d452ebb839bd53483daccead43"}
,"/home/carla/workspace/LegalCheckup/client/src/components/styled/MobilePreviousButton/index.js": {"path":"/home/carla/workspace/LegalCheckup/client/src/components/styled/MobilePreviousButton/index.js","statementMap":{"0":{"start":{"line":3,"column":29},"end":{"line":11,"column":1}},"1":{"start":{"line":7,"column":29},"end":{"line":7,"column":57}},"2":{"start":{"line":12,"column":0},"end":{"line":12,"column":63}}},"fnMap":{"0":{"name":"(anonymous_0)","decl":{"start":{"line":7,"column":11},"end":{"line":7,"column":12}},"loc":{"start":{"line":7,"column":29},"end":{"line":7,"column":57}},"line":7}},"branchMap":{"0":{"loc":{"start":{"line":7,"column":29},"end":{"line":7,"column":57}},"type":"cond-expr","locations":[{"start":{"line":7,"column":39},"end":{"line":7,"column":45}},{"start":{"line":7,"column":48},"end":{"line":7,"column":57}}],"line":7}},"s":{"0":1,"1":0,"2":1},"f":{"0":0},"b":{"0":[0,0]},"_coverageSchema":"332fd63041d2c1bcb487cc26dd0d5f7d97098a6c","hash":"0a0c9b87399f5b8efc3e4bdc5ee604167bf720a0"}
,"/home/carla/workspace/LegalCheckup/client/src/components/styled/MobileProgressBar/index.js": {"path":"/home/carla/workspace/LegalCheckup/client/src/components/styled/MobileProgressBar/index.js","statementMap":{"0":{"start":{"line":3,"column":26},"end":{"line":8,"column":1}},"1":{"start":{"line":10,"column":0},"end":{"line":10,"column":57}}},"fnMap":{},"branchMap":{},"s":{"0":2,"1":2},"f":{},"b":{},"_coverageSchema":"332fd63041d2c1bcb487cc26dd0d5f7d97098a6c","hash":"4e95793853c28afbe51514f4cd29180b08d7d567"}
,"/home/carla/workspace/LegalCheckup/client/src/components/styled/QuestionBox/index.js": {"path":"/home/carla/workspace/LegalCheckup/client/src/components/styled/QuestionBox/index.js","statementMap":{"0":{"start":{"line":3,"column":20},"end":{"line":14,"column":1}},"1":{"start":{"line":15,"column":0},"end":{"line":15,"column":45}}},"fnMap":{},"branchMap":{},"s":{"0":1,"1":1},"f":{},"b":{},"_coverageSchema":"332fd63041d2c1bcb487cc26dd0d5f7d97098a6c","hash":"379bf33a7bcbfbb759df8a873ba7feb564f690b1"}
,"/home/carla/workspace/LegalCheckup/client/src/components/styled/QuestionCounter/index.js": {"path":"/home/carla/workspace/LegalCheckup/client/src/components/styled/QuestionCounter/index.js","statementMap":{"0":{"start":{"line":1,"column":0},"end":{"line":null,"column":-1}},"1":{"start":{"line":3,"column":24},"end":{"line":3,"column":0}},"2":{"start":{"line":16,"column":0},"end":{"line":null,"column":-1}}},"fnMap":{},"branchMap":{},"s":{"0":0,"1":0,"2":0},"f":{},"b":{}}
,"/home/carla/workspace/LegalCheckup/client/src/components/styled/ResponseButton/index.js": {"path":"/home/carla/workspace/LegalCheckup/client/src/components/styled/ResponseButton/index.js","statementMap":{"0":{"start":{"line":5,"column":23},"end":{"line":20,"column":1}},"1":{"start":{"line":8,"column":33},"end":{"line":8,"column":71}},"2":{"start":{"line":9,"column":43},"end":{"line":9,"column":66}},"3":{"start":{"line":10,"column":44},"end":{"line":10,"column":68}},"4":{"start":{"line":11,"column":46},"end":{"line":11,"column":69}},"5":{"start":{"line":12,"column":47},"end":{"line":12,"column":71}},"6":{"start":{"line":14,"column":32},"end":{"line":14,"column":61}},"7":{"start":{"line":15,"column":26},"end":{"line":15,"column":62}},"8":{"start":{"line":18,"column":30},"end":{"line":18,"column":34}},"9":{"start":{"line":21,"column":0},"end":{"line":21,"column":51}}},"fnMap":{"0":{"name":"(anonymous_0)","decl":{"start":{"line":8,"column":18},"end":{"line":8,"column":19}},"loc":{"start":{"line":8,"column":33},"end":{"line":8,"column":71}},"line":8},"1":{"name":"(anonymous_1)","decl":{"start":{"line":9,"column":28},"end":{"line":9,"column":29}},"loc":{"start":{"line":9,"column":43},"end":{"line":9,"column":66}},"line":9},"2":{"name":"(anonymous_2)","decl":{"start":{"line":10,"column":29},"end":{"line":10,"column":30}},"loc":{"start":{"line":10,"column":44},"end":{"line":10,"column":68}},"line":10},"3":{"name":"(anonymous_3)","decl":{"start":{"line":11,"column":31},"end":{"line":11,"column":32}},"loc":{"start":{"line":11,"column":46},"end":{"line":11,"column":69}},"line":11},"4":{"name":"(anonymous_4)","decl":{"start":{"line":12,"column":32},"end":{"line":12,"column":33}},"loc":{"start":{"line":12,"column":47},"end":{"line":12,"column":71}},"line":12},"5":{"name":"(anonymous_5)","decl":{"start":{"line":14,"column":17},"end":{"line":14,"column":18}},"loc":{"start":{"line":14,"column":32},"end":{"line":14,"column":61}},"line":14},"6":{"name":"(anonymous_6)","decl":{"start":{"line":15,"column":11},"end":{"line":15,"column":12}},"loc":{"start":{"line":15,"column":26},"end":{"line":15,"column":62}},"line":15},"7":{"name":"(anonymous_7)","decl":{"start":{"line":18,"column":16},"end":{"line":18,"column":17}},"loc":{"start":{"line":18,"column":30},"end":{"line":18,"column":34}},"line":18}},"branchMap":{"0":{"loc":{"start":{"line":8,"column":33},"end":{"line":8,"column":71}},"type":"cond-expr","locations":[{"start":{"line":8,"column":48},"end":{"line":8,"column":49}},{"start":{"line":8,"column":52},"end":{"line":8,"column":71}}],"line":8},"1":{"loc":{"start":{"line":9,"column":43},"end":{"line":9,"column":66}},"type":"cond-expr","locations":[{"start":{"line":9,"column":57},"end":{"line":9,"column":58}},{"start":{"line":9,"column":61},"end":{"line":9,"column":66}}],"line":9},"2":{"loc":{"start":{"line":10,"column":44},"end":{"line":10,"column":68}},"type":"cond-expr","locations":[{"start":{"line":10,"column":59},"end":{"line":10,"column":60}},{"start":{"line":10,"column":63},"end":{"line":10,"column":68}}],"line":10},"3":{"loc":{"start":{"line":11,"column":46},"end":{"line":11,"column":69}},"type":"cond-expr","locations":[{"start":{"line":11,"column":60},"end":{"line":11,"column":61}},{"start":{"line":11,"column":64},"end":{"line":11,"column":69}}],"line":11},"4":{"loc":{"start":{"line":12,"column":47},"end":{"line":12,"column":71}},"type":"cond-expr","locations":[{"start":{"line":12,"column":62},"end":{"line":12,"column":63}},{"start":{"line":12,"column":66},"end":{"line":12,"column":71}}],"line":12},"5":{"loc":{"start":{"line":14,"column":32},"end":{"line":14,"column":61}},"type":"cond-expr","locations":[{"start":{"line":14,"column":52},"end":{"line":14,"column":57}},{"start":{"line":14,"column":60},"end":{"line":14,"column":61}}],"line":14},"6":{"loc":{"start":{"line":15,"column":26},"end":{"line":15,"column":62}},"type":"cond-expr","locations":[{"start":{"line":15,"column":46},"end":{"line":15,"column":53}},{"start":{"line":15,"column":56},"end":{"line":15,"column":62}}],"line":15}},"s":{"0":1,"1":1,"2":1,"3":1,"4":1,"5":1,"6":1,"7":1,"8":1,"9":1},"f":{"0":1,"1":1,"2":1,"3":1,"4":1,"5":1,"6":1,"7":1},"b":{"0":[0,1],"1":[0,1],"2":[0,1],"3":[0,1],"4":[0,1],"5":[0,1],"6":[0,1]},"_coverageSchema":"332fd63041d2c1bcb487cc26dd0d5f7d97098a6c","hash":"ef9dd7fc3f2115a4f6e4e64c145c05ca65370577"}
,"/home/carla/workspace/LegalCheckup/client/src/containers/AnswerBar/index.js": {"path":"/home/carla/workspace/LegalCheckup/client/src/containers/AnswerBar/index.js","statementMap":{"0":{"start":{"line":1,"column":0},"end":{"line":null,"column":-1}},"1":{"start":{"line":3,"column":0},"end":{"line":null,"column":-1}},"2":{"start":{"line":4,"column":0},"end":{"line":null,"column":-1}},"3":{"start":{"line":5,"column":0},"end":{"line":null,"column":-1}},"4":{"start":{"line":8,"column":2},"end":{"line":null,"column":-1}}},"fnMap":{"0":{"name":"AnswerBar","decl":{"start":{"line":7,"column":24},"end":{"line":7,"column":15}},"loc":{"start":{"line":7,"column":37},"end":{"line":15,"column":1}}}},"branchMap":{},"s":{"0":0,"1":0,"2":0,"3":0,"4":0},"f":{"0":0},"b":{}}
,"/home/carla/workspace/LegalCheckup/client/src/containers/CurrentTopic/index.js": {"path":"/home/carla/workspace/LegalCheckup/client/src/containers/CurrentTopic/index.js","statementMap":{"0":{"start":{"line":6,"column":2},"end":{"line":8,"column":3}}},"fnMap":{"0":{"name":"mapStateToProps","decl":{"start":{"line":5,"column":9},"end":{"line":5,"column":24}},"loc":{"start":{"line":5,"column":33},"end":{"line":9,"column":1}},"line":5}},"branchMap":{},"s":{"0":0},"f":{"0":0},"b":{},"_coverageSchema":"332fd63041d2c1bcb487cc26dd0d5f7d97098a6c","hash":"9ecc065051a4802d13b28172e6b48a91aa9186e1"}
,"/home/carla/workspace/LegalCheckup/client/src/containers/DesktopProgressBar/index.js": {"path":"/home/carla/workspace/LegalCheckup/client/src/containers/DesktopProgressBar/index.js","statementMap":{"0":{"start":{"line":1,"column":0},"end":{"line":null,"column":-1}},"1":{"start":{"line":2,"column":0},"end":{"line":null,"column":-1}},"2":{"start":{"line":3,"column":0},"end":{"line":null,"column":-1}},"3":{"start":{"line":4,"column":0},"end":{"line":null,"column":-1}},"4":{"start":{"line":5,"column":0},"end":{"line":null,"column":-1}},"5":{"start":{"line":6,"column":0},"end":{"line":null,"column":-1}},"6":{"start":{"line":7,"column":0},"end":{"line":null,"column":-1}},"7":{"start":{"line":8,"column":0},"end":{"line":null,"column":-1}},"8":{"start":{"line":10,"column":19},"end":{"line":10,"column":0}},"9":{"start":{"line":11,"column":23},"end":{"line":11,"column":0}},"10":{"start":{"line":12,"column":23},"end":{"line":12,"column":0}},"11":{"start":{"line":15,"column":2},"end":{"line":null,"column":-1}}},"fnMap":{"0":{"name":"DesktopProgressBar","decl":{"start":{"line":14,"column":24},"end":{"line":14,"column":15}},"loc":{"start":{"line":14,"column":46},"end":{"line":22,"column":1}}}},"branchMap":{},"s":{"0":0,"1":0,"2":0,"3":0,"4":0,"5":0,"6":0,"7":0,"8":0,"9":0,"10":0,"11":0},"f":{"0":0},"b":{}}
,"/home/carla/workspace/LegalCheckup/client/src/containers/Header/index.js": {"path":"/home/carla/workspace/LegalCheckup/client/src/containers/Header/index.js","statementMap":{"0":{"start":{"line":7,"column":2},"end":{"line":14,"column":3}}},"fnMap":{"0":{"name":"Header","decl":{"start":{"line":6,"column":24},"end":{"line":6,"column":30}},"loc":{"start":{"line":6,"column":34},"end":{"line":15,"column":1}},"line":6}},"branchMap":{},"s":{"0":1},"f":{"0":1},"b":{},"_coverageSchema":"332fd63041d2c1bcb487cc26dd0d5f7d97098a6c","hash":"3fb79131a477f645627ff73876f051ed9ee0de60"}
,"/home/carla/workspace/LegalCheckup/client/src/containers/Layout/index.js": {"path":"/home/carla/workspace/LegalCheckup/client/src/containers/Layout/index.js","statementMap":{"0":{"start":{"line":9,"column":2},"end":{"line":18,"column":3}}},"fnMap":{"0":{"name":"Layout","decl":{"start":{"line":8,"column":24},"end":{"line":8,"column":30}},"loc":{"start":{"line":8,"column":46},"end":{"line":19,"column":1}},"line":8}},"branchMap":{},"s":{"0":0},"f":{"0":0},"b":{},"_coverageSchema":"332fd63041d2c1bcb487cc26dd0d5f7d97098a6c","hash":"dfe023db529beb788b264c5e2e647b4184e114ad"}
,"/home/carla/workspace/LegalCheckup/client/src/containers/LinkInternal/index.js": {"path":"/home/carla/workspace/LegalCheckup/client/src/containers/LinkInternal/index.js","statementMap":{"0":{"start":{"line":6,"column":2},"end":{"line":12,"column":3}},"1":{"start":{"line":8,"column":6},"end":{"line":8,"column":24}},"2":{"start":{"line":10,"column":6},"end":{"line":10,"column":24}}},"fnMap":{"0":{"name":"mapDispatchToProps","decl":{"start":{"line":5,"column":9},"end":{"line":5,"column":27}},"loc":{"start":{"line":5,"column":47},"end":{"line":13,"column":1}},"line":5},"1":{"name":"(anonymous_1)","decl":{"start":{"line":7,"column":13},"end":{"line":7,"column":14}},"loc":{"start":{"line":7,"column":18},"end":{"line":11,"column":5}},"line":7}},"branchMap":{},"s":{"0":0,"1":0,"2":0},"f":{"0":0,"1":0},"b":{},"_coverageSchema":"332fd63041d2c1bcb487cc26dd0d5f7d97098a6c","hash":"1c4a3b4d84cfdc9667b385e5ca8482bdc3923f9c"}
,"/home/carla/workspace/LegalCheckup/client/src/containers/MobileProgressBar/index.js": {"path":"/home/carla/workspace/LegalCheckup/client/src/containers/MobileProgressBar/index.js","statementMap":{"0":{"start":{"line":9,"column":19},"end":{"line":9,"column":65}},"1":{"start":{"line":10,"column":23},"end":{"line":10,"column":77}},"2":{"start":{"line":13,"column":2},"end":{"line":19,"column":3}}},"fnMap":{"0":{"name":"MobileProgressBar","decl":{"start":{"line":12,"column":24},"end":{"line":12,"column":41}},"loc":{"start":{"line":12,"column":45},"end":{"line":20,"column":1}},"line":12}},"branchMap":{},"s":{"0":1,"1":1,"2":1},"f":{"0":1},"b":{},"_coverageSchema":"332fd63041d2c1bcb487cc26dd0d5f7d97098a6c","hash":"402ebe73a2407ad527cd41f160c2478fddcc956a"}
,"/home/carla/workspace/LegalCheckup/client/src/containers/QuestionBox/index.js": {"path":"/home/carla/workspace/LegalCheckup/client/src/containers/QuestionBox/index.js","statementMap":{"0":{"start":{"line":1,"column":0},"end":{"line":null,"column":-1}},"1":{"start":{"line":2,"column":0},"end":{"line":null,"column":-1}},"2":{"start":{"line":3,"column":0},"end":{"line":null,"column":-1}},"3":{"start":{"line":6,"column":29},"end":{"line":5,"column":33}},"4":{"start":{"line":5,"column":33},"end":{"line":5,"column":32}},"5":{"start":{"line":8,"column":2},"end":{"line":null,"column":-1}}},"fnMap":{"0":{"name":"mapStateToProps","decl":{"start":{"line":5,"column":9},"end":{"line":5,"column":0}},"loc":{"start":{"line":5,"column":33},"end":{"line":9,"column":1}}}},"branchMap":{},"s":{"0":0,"1":0,"2":0,"3":0,"4":0,"5":0},"f":{"0":0},"b":{}}
,"/home/carla/workspace/LegalCheckup/client/src/containers/QuestionCounter/index.js": {"path":"/home/carla/workspace/LegalCheckup/client/src/containers/QuestionCounter/index.js","statementMap":{"0":{"start":{"line":1,"column":0},"end":{"line":null,"column":-1}},"1":{"start":{"line":3,"column":0},"end":{"line":null,"column":-1}},"2":{"start":{"line":4,"column":0},"end":{"line":null,"column":-1}},"3":{"start":{"line":7,"column":16},"end":{"line":7,"column":2}},"4":{"start":{"line":11,"column":2},"end":{"line":null,"column":-1}}},"fnMap":{"0":{"name":"mapStateToProps","decl":{"start":{"line":6,"column":9},"end":{"line":6,"column":0}},"loc":{"start":{"line":6,"column":33},"end":{"line":12,"column":1}}}},"branchMap":{},"s":{"0":0,"1":0,"2":0,"3":0,"4":0},"f":{"0":0},"b":{}}
,"/home/carla/workspace/LegalCheckup/client/src/containers/ResponseButton/index.js": {"path":"/home/carla/workspace/LegalCheckup/client/src/containers/ResponseButton/index.js","statementMap":{"0":{"start":{"line":1,"column":0},"end":{"line":null,"column":-1}},"1":{"start":{"line":2,"column":0},"end":{"line":null,"column":-1}},"2":{"start":{"line":8,"column":0},"end":{"line":null,"column":-1}},"3":{"start":{"line":9,"column":0},"end":{"line":null,"column":-1}},"4":{"start":{"line":12,"column":2},"end":{"line":null,"column":-1}},"5":{"start":{"line":14,"column":6},"end":{"line":null,"column":-1}},"6":{"start":{"line":16,"column":6},"end":{"line":null,"column":-1}},"7":{"start":{"line":18,"column":6},"end":{"line":null,"column":-1}},"8":{"start":{"line":22,"column":49},"end":{"line":22,"column":48}},"9":{"start":{"line":23,"column":2},"end":{"line":null,"column":-1}},"10":{"start":{"line":24,"column":13},"end":{"line":null,"column":-1}}},"fnMap":{"0":{"name":"getAction","decl":{"start":{"line":11,"column":9},"end":{"line":11,"column":0}},"loc":{"start":{"line":11,"column":26},"end":{"line":20,"column":1}}},"1":{"name":"mapDispatchToProps","decl":{"start":{"line":22,"column":9},"end":{"line":22,"column":0}},"loc":{"start":{"line":22,"column":49},"end":{"line":26,"column":1}}},"2":{"name":"onClick","decl":{"start":{"line":24,"column":13},"end":{"line":null,"column":-1}},"loc":{"start":{"line":24,"column":13},"end":{"line":null,"column":-1}}}},"branchMap":{"0":{"loc":{"start":{"line":13,"column":4},"end":{"line":14,"column":6}},"type":"switch","locations":[{"start":{"line":13,"column":4},"end":{"line":14,"column":6}},{"start":{"line":15,"column":4},"end":{"line":16,"column":6}},{"start":{"line":17,"column":4},"end":{"line":18,"column":6}}]}},"s":{"0":0,"1":0,"2":0,"3":0,"4":0,"5":0,"6":0,"7":0,"8":0,"9":0,"10":0},"f":{"0":0,"1":0,"2":0},"b":{"0":[0,0,0]}}
,"/home/carla/workspace/LegalCheckup/client/src/pages/Checkup/index.js": {"path":"/home/carla/workspace/LegalCheckup/client/src/pages/Checkup/index.js","statementMap":{"0":{"start":{"line":1,"column":0},"end":{"line":null,"column":-1}},"1":{"start":{"line":2,"column":0},"end":{"line":null,"column":-1}},"2":{"start":{"line":3,"column":0},"end":{"line":null,"column":-1}},"3":{"start":{"line":4,"column":0},"end":{"line":null,"column":-1}},"4":{"start":{"line":5,"column":0},"end":{"line":null,"column":-1}},"5":{"start":{"line":6,"column":0},"end":{"line":null,"column":-1}},"6":{"start":{"line":9,"column":2},"end":{"line":null,"column":-1}}},"fnMap":{"0":{"name":"Checkup","decl":{"start":{"line":8,"column":24},"end":{"line":8,"column":15}},"loc":{"start":{"line":8,"column":35},"end":{"line":17,"column":1}}}},"branchMap":{},"s":{"0":0,"1":0,"2":0,"3":0,"4":0,"5":0,"6":0},"f":{"0":0},"b":{}}
,"/home/carla/workspace/LegalCheckup/client/src/pages/Home/index.js": {"path":"/home/carla/workspace/LegalCheckup/client/src/pages/Home/index.js","statementMap":{"0":{"start":{"line":1,"column":0},"end":{"line":null,"column":-1}},"1":{"start":{"line":2,"column":0},"end":{"line":null,"column":-1}},"2":{"start":{"line":5,"column":2},"end":{"line":null,"column":-1}}},"fnMap":{"0":{"name":"Home","decl":{"start":{"line":4,"column":24},"end":{"line":4,"column":15}},"loc":{"start":{"line":4,"column":32},"end":{"line":12,"column":1}}}},"branchMap":{},"s":{"0":0,"1":0,"2":0},"f":{"0":0},"b":{}}
,"/home/carla/workspace/LegalCheckup/client/src/pages/PrivacyPolicy/index.js": {"path":"/home/carla/workspace/LegalCheckup/client/src/pages/PrivacyPolicy/index.js","statementMap":{"0":{"start":{"line":1,"column":0},"end":{"line":null,"column":-1}},"1":{"start":{"line":2,"column":0},"end":{"line":null,"column":-1}},"2":{"start":{"line":5,"column":2},"end":{"line":null,"column":-1}}},"fnMap":{"0":{"name":"PrivacyPolicy","decl":{"start":{"line":4,"column":24},"end":{"line":4,"column":15}},"loc":{"start":{"line":4,"column":41},"end":{"line":12,"column":1}}}},"branchMap":{},"s":{"0":0,"1":0,"2":0},"f":{"0":0},"b":{}}
,"/home/carla/workspace/LegalCheckup/client/src/pages/Results/index.js": {"path":"/home/carla/workspace/LegalCheckup/client/src/pages/Results/index.js","statementMap":{"0":{"start":{"line":5,"column":2},"end":{"line":11,"column":3}}},"fnMap":{"0":{"name":"Results","decl":{"start":{"line":4,"column":24},"end":{"line":4,"column":31}},"loc":{"start":{"line":4,"column":35},"end":{"line":12,"column":1}},"line":4}},"branchMap":{},"s":{"0":1},"f":{"0":1},"b":{},"_coverageSchema":"332fd63041d2c1bcb487cc26dd0d5f7d97098a6c","hash":"5653179dba4eebad2a76a093392bc8bc095b9ec3"}
,"/home/carla/workspace/LegalCheckup/client/src/pages/TermsOfUse/index.js": {"path":"/home/carla/workspace/LegalCheckup/client/src/pages/TermsOfUse/index.js","statementMap":{"0":{"start":{"line":1,"column":0},"end":{"line":null,"column":-1}},"1":{"start":{"line":2,"column":0},"end":{"line":null,"column":-1}},"2":{"start":{"line":5,"column":2},"end":{"line":null,"column":-1}}},"fnMap":{"0":{"name":"TermsOfUse","decl":{"start":{"line":4,"column":24},"end":{"line":4,"column":15}},"loc":{"start":{"line":4,"column":38},"end":{"line":12,"column":1}}}},"branchMap":{},"s":{"0":0,"1":0,"2":0},"f":{"0":0},"b":{}}
,"/home/carla/workspace/LegalCheckup/client/src/responsive/index.js": {"path":"/home/carla/workspace/LegalCheckup/client/src/responsive/index.js","statementMap":{"0":{"start":{"line":1,"column":0},"end":{"line":null,"column":-1}},"1":{"start":{"line":2,"column":0},"end":{"line":null,"column":-1}},"2":{"start":{"line":4,"column":16},"end":{"line":4,"column":0}},"3":{"start":{"line":4,"column":21},"end":{"line":null,"column":-1}},"4":{"start":{"line":5,"column":15},"end":{"line":5,"column":0}},"5":{"start":{"line":5,"column":20},"end":{"line":null,"column":-1}},"6":{"start":{"line":6,"column":15},"end":{"line":6,"column":0}},"7":{"start":{"line":6,"column":20},"end":{"line":null,"column":-1}},"8":{"start":{"line":7,"column":16},"end":{"line":7,"column":0}},"9":{"start":{"line":7,"column":21},"end":{"line":null,"column":-1}}},"fnMap":{"0":{"name":"Desktop","decl":{"start":{"line":4,"column":6},"end":{"line":4,"column":16}},"loc":{"start":{"line":4,"column":21},"end":{"line":4,"column":0}}},"1":{"name":"Tablet","decl":{"start":{"line":5,"column":6},"end":{"line":5,"column":15}},"loc":{"start":{"line":5,"column":20},"end":{"line":5,"column":0}}},"2":{"name":"Mobile","decl":{"start":{"line":6,"column":6},"end":{"line":6,"column":15}},"loc":{"start":{"line":6,"column":20},"end":{"line":6,"column":0}}},"3":{"name":"Default","decl":{"start":{"line":7,"column":6},"end":{"line":7,"column":16}},"loc":{"start":{"line":7,"column":21},"end":{"line":7,"column":0}}}},"branchMap":{},"s":{"0":0,"1":0,"2":0,"3":0,"4":0,"5":0,"6":0,"7":0,"8":0,"9":0},"f":{"0":0,"1":0,"2":0,"3":0},"b":{}}
,"/home/carla/workspace/LegalCheckup/client/src/state/fixtures.js": {"path":"/home/carla/workspace/LegalCheckup/client/src/state/fixtures.js","statementMap":{"0":{"start":{"line":3,"column":21},"end":{"line":325,"column":1}}},"fnMap":{},"branchMap":{},"s":{"0":4},"f":{},"b":{},"_coverageSchema":"332fd63041d2c1bcb487cc26dd0d5f7d97098a6c","hash":"c8eb24665ca0d036662b3ad7fbe3e83d56f5be8f"}
,"/home/carla/workspace/LegalCheckup/client/src/state/initialState.js": {"path":"/home/carla/workspace/LegalCheckup/client/src/state/initialState.js","statementMap":{"0":{"start":{"line":2,"column":21},"end":{"line":287,"column":1}}},"fnMap":{},"branchMap":{},"s":{"0":1},"f":{},"b":{},"_coverageSchema":"332fd63041d2c1bcb487cc26dd0d5f7d97098a6c","hash":"ba87e146077e7f95f50297766523a3f93e123964"}
,"/home/carla/workspace/LegalCheckup/client/src/state/actions/index.js": {"path":"/home/carla/workspace/LegalCheckup/client/src/state/actions/index.js","statementMap":{"0":{"start":{"line":17,"column":2},"end":{"line":19,"column":3}},"1":{"start":{"line":24,"column":2},"end":{"line":29,"column":3}},"2":{"start":{"line":34,"column":2},"end":{"line":39,"column":3}},"3":{"start":{"line":44,"column":2},"end":{"line":46,"column":3}},"4":{"start":{"line":51,"column":2},"end":{"line":56,"column":3}},"5":{"start":{"line":61,"column":2},"end":{"line":63,"column":3}},"6":{"start":{"line":68,"column":2},"end":{"line":73,"column":3}},"7":{"start":{"line":78,"column":2},"end":{"line":83,"column":3}},"8":{"start":{"line":88,"column":2},"end":{"line":90,"column":3}},"9":{"start":{"line":95,"column":2},"end":{"line":97,"column":3}},"10":{"start":{"line":102,"column":2},"end":{"line":104,"column":3}}},"fnMap":{"0":{"name":"checkupComplete","decl":{"start":{"line":16,"column":16},"end":{"line":16,"column":31}},"loc":{"start":{"line":16,"column":35},"end":{"line":20,"column":1}},"line":16},"1":{"name":"errorQuestionIndexOutOfBounds","decl":{"start":{"line":23,"column":16},"end":{"line":23,"column":45}},"loc":{"start":{"line":23,"column":71},"end":{"line":30,"column":1}},"line":23},"2":{"name":"nextQuestionActivated","decl":{"start":{"line":33,"column":16},"end":{"line":33,"column":37}},"loc":{"start":{"line":33,"column":60},"end":{"line":40,"column":1}},"line":33},"3":{"name":"nextQuestionRequested","decl":{"start":{"line":43,"column":16},"end":{"line":43,"column":37}},"loc":{"start":{"line":43,"column":41},"end":{"line":47,"column":1}},"line":43},"4":{"name":"previousQuestionActivated","decl":{"start":{"line":50,"column":16},"end":{"line":50,"column":41}},"loc":{"start":{"line":50,"column":64},"end":{"line":57,"column":1}},"line":50},"5":{"name":"previousQuestionRequested","decl":{"start":{"line":60,"column":16},"end":{"line":60,"column":41}},"loc":{"start":{"line":60,"column":45},"end":{"line":64,"column":1}},"line":60},"6":{"name":"questionRequested","decl":{"start":{"line":67,"column":16},"end":{"line":67,"column":33}},"loc":{"start":{"line":67,"column":50},"end":{"line":74,"column":1}},"line":67},"7":{"name":"requestedQuestionActivated","decl":{"start":{"line":77,"column":16},"end":{"line":77,"column":42}},"loc":{"start":{"line":77,"column":65},"end":{"line":84,"column":1}},"line":77},"8":{"name":"userRespondedWithNo","decl":{"start":{"line":87,"column":16},"end":{"line":87,"column":35}},"loc":{"start":{"line":87,"column":39},"end":{"line":91,"column":1}},"line":87},"9":{"name":"userRespondedWithNotSure","decl":{"start":{"line":94,"column":16},"end":{"line":94,"column":40}},"loc":{"start":{"line":94,"column":44},"end":{"line":98,"column":1}},"line":94},"10":{"name":"userRespondedWithYes","decl":{"start":{"line":101,"column":16},"end":{"line":101,"column":36}},"loc":{"start":{"line":101,"column":40},"end":{"line":105,"column":1}},"line":101}},"branchMap":{},"s":{"0":1,"1":1,"2":2,"3":1,"4":2,"5":1,"6":1,"7":2,"8":2,"9":2,"10":2},"f":{"0":1,"1":1,"2":2,"3":1,"4":2,"5":1,"6":1,"7":2,"8":2,"9":2,"10":2},"b":{},"_coverageSchema":"332fd63041d2c1bcb487cc26dd0d5f7d97098a6c","hash":"0c48c2103ca3567ed8bbea0d7341e73ddfea1084"}
,"/home/carla/workspace/LegalCheckup/client/src/state/domain/setActiveQuestionIndex/index.js": {"path":"/home/carla/workspace/LegalCheckup/client/src/state/domain/setActiveQuestionIndex/index.js","statementMap":{"0":{"start":{"line":8,"column":2},"end":{"line":17,"column":11}}},"fnMap":{"0":{"name":"setActiveQuestionIndex","decl":{"start":{"line":7,"column":24},"end":{"line":7,"column":46}},"loc":{"start":{"line":7,"column":76},"end":{"line":18,"column":1}},"line":7}},"branchMap":{"0":{"loc":{"start":{"line":8,"column":9},"end":{"line":17,"column":11}},"type":"cond-expr","locations":[{"start":{"line":13,"column":6},"end":{"line":16,"column":5}},{"start":{"line":17,"column":6},"end":{"line":17,"column":11}}],"line":8}},"s":{"0":2},"f":{"0":2},"b":{"0":[1,1]},"_coverageSchema":"332fd63041d2c1bcb487cc26dd0d5f7d97098a6c","hash":"b49d3153c5a0cb633a38ef8614249e0b3df70eec"}
,"/home/carla/workspace/LegalCheckup/client/src/state/domain/setQuestionResponse/index.js": {"path":"/home/carla/workspace/LegalCheckup/client/src/state/domain/setQuestionResponse/index.js","statementMap":{"0":{"start":{"line":8,"column":25},"end":{"line":8,"column":49}},"1":{"start":{"line":11,"column":2},"end":{"line":13,"column":3}},"2":{"start":{"line":12,"column":4},"end":{"line":12,"column":16}},"3":{"start":{"line":15,"column":26},"end":{"line":15,"column":40}},"4":{"start":{"line":16,"column":17},"end":{"line":16,"column":33}},"5":{"start":{"line":17,"column":20},"end":{"line":17,"column":39}},"6":{"start":{"line":18,"column":21},"end":{"line":18,"column":61}},"7":{"start":{"line":18,"column":36},"end":{"line":18,"column":52}},"8":{"start":{"line":21,"column":2},"end":{"line":23,"column":3}},"9":{"start":{"line":22,"column":4},"end":{"line":22,"column":16}},"10":{"start":{"line":25,"column":16},"end":{"line":25,"column":34}},"11":{"start":{"line":26,"column":24},"end":{"line":26,"column":68}},"12":{"start":{"line":26,"column":39},"end":{"line":26,"column":50}},"13":{"start":{"line":29,"column":2},"end":{"line":31,"column":3}},"14":{"start":{"line":30,"column":4},"end":{"line":30,"column":16}},"15":{"start":{"line":34,"column":13},"end":{"line":34,"column":76}},"16":{"start":{"line":37,"column":2},"end":{"line":51,"column":3}},"17":{"start":{"line":38,"column":4},"end":{"line":38,"column":56}},"18":{"start":{"line":42,"column":15},"end":{"line":42,"column":50}},"19":{"start":{"line":43,"column":21},"end":{"line":47,"column":5}},"20":{"start":{"line":50,"column":4},"end":{"line":50,"column":59}}},"fnMap":{"0":{"name":"setQuestionResponse","decl":{"start":{"line":7,"column":24},"end":{"line":7,"column":43}},"loc":{"start":{"line":7,"column":60},"end":{"line":52,"column":1}},"line":7},"1":{"name":"(anonymous_1)","decl":{"start":{"line":18,"column":31},"end":{"line":18,"column":32}},"loc":{"start":{"line":18,"column":36},"end":{"line":18,"column":52}},"line":18},"2":{"name":"(anonymous_2)","decl":{"start":{"line":26,"column":34},"end":{"line":26,"column":35}},"loc":{"start":{"line":26,"column":39},"end":{"line":26,"column":50}},"line":26}},"branchMap":{"0":{"loc":{"start":{"line":11,"column":2},"end":{"line":13,"column":3}},"type":"if","locations":[{"start":{"line":11,"column":2},"end":{"line":13,"column":3}},{"start":{"line":11,"column":2},"end":{"line":13,"column":3}}],"line":11},"1":{"loc":{"start":{"line":21,"column":2},"end":{"line":23,"column":3}},"type":"if","locations":[{"start":{"line":21,"column":2},"end":{"line":23,"column":3}},{"start":{"line":21,"column":2},"end":{"line":23,"column":3}}],"line":21},"2":{"loc":{"start":{"line":29,"column":2},"end":{"line":31,"column":3}},"type":"if","locations":[{"start":{"line":29,"column":2},"end":{"line":31,"column":3}},{"start":{"line":29,"column":2},"end":{"line":31,"column":3}}],"line":29},"3":{"loc":{"start":{"line":37,"column":2},"end":{"line":51,"column":3}},"type":"if","locations":[{"start":{"line":37,"column":2},"end":{"line":51,"column":3}},{"start":{"line":37,"column":2},"end":{"line":51,"column":3}}],"line":37}},"s":{"0":2,"1":2,"2":0,"3":2,"4":2,"5":2,"6":2,"7":6,"8":2,"9":0,"10":2,"11":2,"12":5,"13":2,"14":0,"15":2,"16":2,"17":1,"18":1,"19":1,"20":1},"f":{"0":2,"1":6,"2":5},"b":{"0":[0,2],"1":[0,2],"2":[0,2],"3":[1,1]},"_coverageSchema":"332fd63041d2c1bcb487cc26dd0d5f7d97098a6c","hash":"dbeca32c812e2f6d3bbcbf0c2d9b556b5ba432fa"}
,"/home/carla/workspace/LegalCheckup/client/src/state/epics/checkupComplete/index.js": {"path":"/home/carla/workspace/LegalCheckup/client/src/state/epics/checkupComplete/index.js","statementMap":{"0":{"start":{"line":1,"column":0},"end":{"line":null,"column":-1}},"1":{"start":{"line":3,"column":0},"end":{"line":null,"column":-1}},"2":{"start":{"line":4,"column":0},"end":{"line":null,"column":-1}},"3":{"start":{"line":5,"column":0},"end":{"line":null,"column":-1}},"4":{"start":{"line":8,"column":28},"end":{"line":8,"column":0}},"5":{"start":{"line":8,"column":35},"end":{"line":null,"column":-1}}},"fnMap":{"0":{"name":"checkupCompleteEpic","decl":{"start":{"line":8,"column":6},"end":{"line":8,"column":28}},"loc":{"start":{"line":8,"column":35},"end":{"line":8,"column":0}}}},"branchMap":{},"s":{"0":0,"1":0,"2":0,"3":0,"4":0,"5":0},"f":{"0":0},"b":{}}
,"/home/carla/workspace/LegalCheckup/client/src/state/epics/questionRequested/index.js": {"path":"/home/carla/workspace/LegalCheckup/client/src/state/epics/questionRequested/index.js","statementMap":{"0":{"start":{"line":1,"column":0},"end":{"line":null,"column":-1}},"1":{"start":{"line":6,"column":0},"end":{"line":null,"column":-1}},"2":{"start":{"line":12,"column":0},"end":{"line":null,"column":-1}},"3":{"start":{"line":17,"column":0},"end":{"line":null,"column":-1}},"4":{"start":{"line":19,"column":0},"end":{"line":null,"column":-1}},"5":{"start":{"line":20,"column":0},"end":{"line":null,"column":-1}},"6":{"start":{"line":21,"column":0},"end":{"line":null,"column":-1}},"7":{"start":{"line":22,"column":0},"end":{"line":null,"column":-1}},"8":{"start":{"line":27,"column":30},"end":{"line":27,"column":0}},"9":{"start":{"line":27,"column":30},"end":{"line":null,"column":-1}},"10":{"start":{"line":35,"column":64},"end":{"line":null,"column":-1}},"11":{"start":{"line":35,"column":64},"end":{"line":35,"column":63}},"12":{"start":{"line":36,"column":34},"end":{"line":36,"column":6}},"13":{"start":{"line":37,"column":28},"end":{"line":37,"column":6}},"14":{"start":{"line":38,"column":28},"end":{"line":38,"column":6}},"15":{"start":{"line":40,"column":6},"end":{"line":null,"column":-1}},"16":{"start":{"line":42,"column":10},"end":{"line":null,"column":-1}},"17":{"start":{"line":51,"column":10},"end":{"line":null,"column":-1}},"18":{"start":{"line":55,"column":10},"end":{"line":null,"column":-1}}},"fnMap":{"0":{"name":"questionRequestedEpic","decl":{"start":{"line":27,"column":6},"end":{"line":27,"column":30}},"loc":{"start":{"line":27,"column":30},"end":{"line":27,"column":0}}},"1":{"name":"(anonymous_6)","decl":{"start":{"line":35,"column":8},"end":{"line":35,"column":63}},"loc":{"start":{"line":35,"column":64},"end":{"line":35,"column":4}}}},"branchMap":{"0":{"loc":{"start":{"line":35,"column":41},"end":{"line":35,"column":64}},"type":"cond-expr","locations":[{"start":{"line":35,"column":41},"end":{"line":35,"column":64}},{"start":{"line":35,"column":64},"end":{"line":null,"column":-1}}]},"1":{"loc":{"start":{"line":41,"column":8},"end":{"line":42,"column":10}},"type":"switch","locations":[{"start":{"line":41,"column":8},"end":{"line":42,"column":10}},{"start":{"line":50,"column":8},"end":{"line":51,"column":10}},{"start":{"line":54,"column":8},"end":{"line":55,"column":10}}]},"2":{"loc":{"start":{"line":47,"column":14},"end":{"line":42,"column":17}},"type":"cond-expr","locations":[{"start":{"line":47,"column":14},"end":{"line":42,"column":17}},{"start":{"line":48,"column":14},"end":{"line":42,"column":10}}]},"3":{"loc":{"start":{"line":52,"column":14},"end":{"line":51,"column":17}},"type":"cond-expr","locations":[{"start":{"line":52,"column":14},"end":{"line":51,"column":17}},{"start":{"line":53,"column":14},"end":{"line":51,"column":10}}]},"4":{"loc":{"start":{"line":60,"column":14},"end":{"line":55,"column":17}},"type":"cond-expr","locations":[{"start":{"line":60,"column":14},"end":{"line":55,"column":17}},{"start":{"line":61,"column":14},"end":{"line":55,"column":10}}]}},"s":{"0":0,"1":0,"2":0,"3":0,"4":0,"5":0,"6":0,"7":0,"8":0,"9":0,"10":0,"11":0,"12":0,"13":0,"14":0,"15":0,"16":0,"17":0,"18":0},"f":{"0":0,"1":0},"b":{"0":[0,0],"1":[0,0,0],"2":[0,0],"3":[0,0],"4":[0,0]}}
,"/home/carla/workspace/LegalCheckup/client/src/state/epics/responseReceived/index.js": {"path":"/home/carla/workspace/LegalCheckup/client/src/state/epics/responseReceived/index.js","statementMap":{"0":{"start":{"line":1,"column":0},"end":{"line":null,"column":-1}},"1":{"start":{"line":6,"column":0},"end":{"line":null,"column":-1}},"2":{"start":{"line":7,"column":0},"end":{"line":null,"column":-1}},"3":{"start":{"line":8,"column":0},"end":{"line":null,"column":-1}},"4":{"start":{"line":10,"column":0},"end":{"line":null,"column":-1}},"5":{"start":{"line":14,"column":29},"end":{"line":14,"column":0}},"6":{"start":{"line":14,"column":29},"end":{"line":null,"column":-1}},"7":{"start":{"line":22,"column":30},"end":{"line":null,"column":-1}},"8":{"start":{"line":23,"column":34},"end":{"line":23,"column":6}},"9":{"start":{"line":25,"column":6},"end":{"line":null,"column":-1}}},"fnMap":{"0":{"name":"responseReceivedEpic","decl":{"start":{"line":14,"column":6},"end":{"line":14,"column":29}},"loc":{"start":{"line":14,"column":29},"end":{"line":14,"column":0}}},"1":{"name":"(anonymous_5)","decl":{"start":{"line":22,"column":8},"end":{"line":22,"column":29}},"loc":{"start":{"line":22,"column":30},"end":{"line":22,"column":4}}}},"branchMap":{"0":{"loc":{"start":{"line":26,"column":10},"end":{"line":25,"column":13}},"type":"cond-expr","locations":[{"start":{"line":26,"column":10},"end":{"line":25,"column":13}},{"start":{"line":27,"column":10},"end":{"line":25,"column":6}}]}},"s":{"0":0,"1":0,"2":0,"3":0,"4":0,"5":0,"6":0,"7":0,"8":0,"9":0},"f":{"0":0,"1":0},"b":{"0":[0,0]}}
,"/home/carla/workspace/LegalCheckup/client/src/state/reducers/rootReducer/index.js": {"path":"/home/carla/workspace/LegalCheckup/client/src/state/reducers/rootReducer/index.js","statementMap":{"0":{"start":{"line":21,"column":34},"end":{"line":21,"column":41}},"1":{"start":{"line":23,"column":2},"end":{"line":42,"column":3}},"2":{"start":{"line":29,"column":6},"end":{"line":29,"column":63}},"3":{"start":{"line":32,"column":6},"end":{"line":32,"column":43}},"4":{"start":{"line":35,"column":6},"end":{"line":35,"column":49}},"5":{"start":{"line":38,"column":6},"end":{"line":38,"column":44}},"6":{"start":{"line":41,"column":6},"end":{"line":41,"column":18}}},"fnMap":{"0":{"name":"rootReducer","decl":{"start":{"line":17,"column":24},"end":{"line":17,"column":35}},"loc":{"start":{"line":20,"column":2},"end":{"line":43,"column":1}},"line":20}},"branchMap":{"0":{"loc":{"start":{"line":18,"column":2},"end":{"line":18,"column":22}},"type":"default-arg","locations":[{"start":{"line":18,"column":10},"end":{"line":18,"column":22}}],"line":18},"1":{"loc":{"start":{"line":19,"column":4},"end":{"line":19,"column":16}},"type":"default-arg","locations":[{"start":{"line":19,"column":14},"end":{"line":19,"column":16}}],"line":19},"2":{"loc":{"start":{"line":23,"column":2},"end":{"line":42,"column":3}},"type":"switch","locations":[{"start":{"line":26,"column":4},"end":{"line":26,"column":33}},{"start":{"line":27,"column":4},"end":{"line":27,"column":37}},{"start":{"line":28,"column":4},"end":{"line":29,"column":63}},{"start":{"line":31,"column":4},"end":{"line":32,"column":43}},{"start":{"line":34,"column":4},"end":{"line":35,"column":49}},{"start":{"line":37,"column":4},"end":{"line":38,"column":44}},{"start":{"line":40,"column":4},"end":{"line":41,"column":18}}],"line":23}},"s":{"0":7,"1":7,"2":3,"3":1,"4":1,"5":1,"6":1},"f":{"0":7},"b":{"0":[0],"1":[4],"2":[1,2,3,1,1,1,1]},"_coverageSchema":"332fd63041d2c1bcb487cc26dd0d5f7d97098a6c","hash":"d928035c41b796c440c3c33a444cdb8e057402d6"}
,"/home/carla/workspace/LegalCheckup/client/src/state/selectors/index.js": {"path":"/home/carla/workspace/LegalCheckup/client/src/state/selectors/index.js","statementMap":{"0":{"start":{"line":10,"column":19},"end":{"line":13,"column":1}},"1":{"start":{"line":17,"column":2},"end":{"line":17,"column":28}},"2":{"start":{"line":22,"column":2},"end":{"line":22,"column":15}},"3":{"start":{"line":27,"column":2},"end":{"line":27,"column":18}},"4":{"start":{"line":36,"column":31},"end":{"line":46,"column":1}},"5":{"start":{"line":39,"column":27},"end":{"line":42,"column":5}},"6":{"start":{"line":40,"column":19},"end":{"line":40,"column":60}},"7":{"start":{"line":44,"column":4},"end":{"line":44,"column":38}},"8":{"start":{"line":50,"column":32},"end":{"line":50,"column":71}},"9":{"start":{"line":54,"column":34},"end":{"line":54,"column":77}},"10":{"start":{"line":58,"column":33},"end":{"line":62,"column":1}},"11":{"start":{"line":61,"column":38},"end":{"line":61,"column":68}},"12":{"start":{"line":65,"column":35},"end":{"line":68,"column":1}},"13":{"start":{"line":67,"column":22},"end":{"line":67,"column":27}},"14":{"start":{"line":71,"column":31},"end":{"line":81,"column":1}},"15":{"start":{"line":74,"column":27},"end":{"line":77,"column":5}},"16":{"start":{"line":75,"column":19},"end":{"line":75,"column":60}},"17":{"start":{"line":79,"column":4},"end":{"line":79,"column":38}},"18":{"start":{"line":84,"column":32},"end":{"line":84,"column":71}},"19":{"start":{"line":88,"column":40},"end":{"line":93,"column":1}},"20":{"start":{"line":96,"column":44},"end":{"line":99,"column":1}}},"fnMap":{"0":{"name":"getActiveQuestionIndex","decl":{"start":{"line":16,"column":16},"end":{"line":16,"column":38}},"loc":{"start":{"line":16,"column":65},"end":{"line":18,"column":1}},"line":16},"1":{"name":"getTopics","decl":{"start":{"line":21,"column":16},"end":{"line":21,"column":25}},"loc":{"start":{"line":21,"column":39},"end":{"line":23,"column":1}},"line":21},"2":{"name":"getResponses","decl":{"start":{"line":26,"column":16},"end":{"line":26,"column":28}},"loc":{"start":{"line":26,"column":45},"end":{"line":28,"column":1}},"line":26},"3":{"name":"(anonymous_3)","decl":{"start":{"line":38,"column":9},"end":{"line":38,"column":10}},"loc":{"start":{"line":38,"column":43},"end":{"line":45,"column":3}},"line":38},"4":{"name":"(anonymous_4)","decl":{"start":{"line":40,"column":6},"end":{"line":40,"column":7}},"loc":{"start":{"line":40,"column":19},"end":{"line":40,"column":60}},"line":40},"5":{"name":"(anonymous_5)","decl":{"start":{"line":61,"column":2},"end":{"line":61,"column":3}},"loc":{"start":{"line":61,"column":38},"end":{"line":61,"column":68}},"line":61},"6":{"name":"(anonymous_6)","decl":{"start":{"line":67,"column":2},"end":{"line":67,"column":3}},"loc":{"start":{"line":67,"column":22},"end":{"line":67,"column":27}},"line":67},"7":{"name":"(anonymous_7)","decl":{"start":{"line":73,"column":9},"end":{"line":73,"column":10}},"loc":{"start":{"line":73,"column":43},"end":{"line":80,"column":3}},"line":73},"8":{"name":"(anonymous_8)","decl":{"start":{"line":75,"column":6},"end":{"line":75,"column":7}},"loc":{"start":{"line":75,"column":19},"end":{"line":75,"column":60}},"line":75}},"branchMap":{"0":{"loc":{"start":{"line":67,"column":3},"end":{"line":67,"column":17}},"type":"default-arg","locations":[{"start":{"line":67,"column":15},"end":{"line":67,"column":17}}],"line":67}},"s":{"0":5,"1":12,"2":13,"3":7,"4":5,"5":21,"6":84,"7":21,"8":5,"9":5,"10":5,"11":6,"12":5,"13":2,"14":5,"15":2,"16":6,"17":2,"18":5,"19":5,"20":5},"f":{"0":12,"1":13,"2":7,"3":21,"4":84,"5":6,"6":2,"7":2,"8":6},"b":{"0":[1]},"_coverageSchema":"332fd63041d2c1bcb487cc26dd0d5f7d97098a6c","hash":"4bbbee0e55ece88cb7ed69dc6d8b907018db2004"}
,"/home/carla/workspace/LegalCheckup/client/src/styles/index.js": {"path":"/home/carla/workspace/LegalCheckup/client/src/styles/index.js","statementMap":{"0":{"start":{"line":4,"column":21},"end":{"line":13,"column":1}}},"fnMap":{"0":{"name":"(anonymous_0)","decl":{"start":{"line":4,"column":15},"end":{"line":4,"column":16}},"loc":{"start":{"line":4,"column":21},"end":{"line":13,"column":1}},"line":4}},"branchMap":{},"s":{"0":1},"f":{"0":1},"b":{},"_coverageSchema":"332fd63041d2c1bcb487cc26dd0d5f7d97098a6c","hash":"81ccf94df1637fd114936a61db3422ffebc4f8ae"}
,"/home/carla/workspace/LegalCheckup/client/src/utilities/constants.js": {"path":"/home/carla/workspace/LegalCheckup/client/src/utilities/constants.js","statementMap":{"0":{"start":{"line":1,"column":26},"end":{"line":1,"column":7}}},"fnMap":{},"branchMap":{},"s":{"0":0},"f":{},"b":{}}
,"/home/carla/workspace/LegalCheckup/client/src/utilities/isNextQuestionPermitted/index.js": {"path":"/home/carla/workspace/LegalCheckup/client/src/utilities/isNextQuestionPermitted/index.js","statementMap":{"0":{"start":{"line":3,"column":2},"end":{"line":3,"column":59}}},"fnMap":{"0":{"name":"(anonymous_0)","decl":{"start":{"line":2,"column":15},"end":{"line":2,"column":16}},"loc":{"start":{"line":2,"column":62},"end":{"line":4,"column":1}},"line":2}},"branchMap":{"0":{"loc":{"start":{"line":3,"column":9},"end":{"line":3,"column":59}},"type":"binary-expr","locations":[{"start":{"line":3,"column":9},"end":{"line":3,"column":30}},{"start":{"line":3,"column":34},"end":{"line":3,"column":59}}],"line":3}},"s":{"0":2},"f":{"0":2},"b":{"0":[2,1]},"_coverageSchema":"332fd63041d2c1bcb487cc26dd0d5f7d97098a6c","hash":"ed2855f6a67100ff032591da3b4adf278cc68f6c"}
,"/home/carla/workspace/LegalCheckup/client/src/utilities/isPreviousQuestionPermitted/index.js": {"path":"/home/carla/workspace/LegalCheckup/client/src/utilities/isPreviousQuestionPermitted/index.js","statementMap":{"0":{"start":{"line":3,"column":2},"end":{"line":3,"column":18}}},"fnMap":{"0":{"name":"(anonymous_0)","decl":{"start":{"line":2,"column":15},"end":{"line":2,"column":16}},"loc":{"start":{"line":2,"column":32},"end":{"line":4,"column":1}},"line":2}},"branchMap":{},"s":{"0":2},"f":{"0":2},"b":{},"_coverageSchema":"332fd63041d2c1bcb487cc26dd0d5f7d97098a6c","hash":"6bc0da954f8ab615b16c1c7fcced1ebeca679485"}
,"/home/carla/workspace/LegalCheckup/client/src/utilities/isQuestionPermitted/index.js": {"path":"/home/carla/workspace/LegalCheckup/client/src/utilities/isQuestionPermitted/index.js","statementMap":{"0":{"start":{"line":9,"column":2},"end":{"line":9,"column":73}}},"fnMap":{"0":{"name":"isQuestionPermitted","decl":{"start":{"line":4,"column":24},"end":{"line":4,"column":43}},"loc":{"start":{"line":8,"column":2},"end":{"line":10,"column":1}},"line":8}},"branchMap":{"0":{"loc":{"start":{"line":9,"column":9},"end":{"line":9,"column":73}},"type":"binary-expr","locations":[{"start":{"line":9,"column":9},"end":{"line":9,"column":19}},{"start":{"line":9,"column":23},"end":{"line":9,"column":48}},{"start":{"line":9,"column":52},"end":{"line":9,"column":73}}],"line":9}},"s":{"0":2},"f":{"0":2},"b":{"0":[2,1,1]},"_coverageSchema":"332fd63041d2c1bcb487cc26dd0d5f7d97098a6c","hash":"999fc4dfe84e6e917cc7a7bad79d29e23bccdab9"}
,"/home/carla/workspace/LegalCheckup/client/src/wrappers/makeNextQuestionButton/index.js": {"path":"/home/carla/workspace/LegalCheckup/client/src/wrappers/makeNextQuestionButton/index.js","statementMap":{"0":{"start":{"line":6,"column":2},"end":{"line":9,"column":3}},"1":{"start":{"line":13,"column":2},"end":{"line":15,"column":3}},"2":{"start":{"line":14,"column":19},"end":{"line":14,"column":52}},"3":{"start":{"line":19,"column":2},"end":{"line":24,"column":16}}},"fnMap":{"0":{"name":"mapStateToProps","decl":{"start":{"line":5,"column":9},"end":{"line":5,"column":24}},"loc":{"start":{"line":5,"column":47},"end":{"line":10,"column":1}},"line":5},"1":{"name":"mapDispatchToProps","decl":{"start":{"line":12,"column":9},"end":{"line":12,"column":27}},"loc":{"start":{"line":12,"column":39},"end":{"line":16,"column":1}},"line":12},"2":{"name":"(anonymous_2)","decl":{"start":{"line":14,"column":13},"end":{"line":14,"column":14}},"loc":{"start":{"line":14,"column":19},"end":{"line":14,"column":52}},"line":14},"3":{"name":"mergeProps","decl":{"start":{"line":18,"column":9},"end":{"line":18,"column":19}},"loc":{"start":{"line":18,"column":48},"end":{"line":25,"column":1}},"line":18}},"branchMap":{"0":{"loc":{"start":{"line":7,"column":14},"end":{"line":7,"column":51}},"type":"binary-expr","locations":[{"start":{"line":7,"column":14},"end":{"line":7,"column":22}},{"start":{"line":7,"column":26},"end":{"line":7,"column":51}}],"line":7},"1":{"loc":{"start":{"line":19,"column":9},"end":{"line":24,"column":16}},"type":"cond-expr","locations":[{"start":{"line":20,"column":6},"end":{"line":23,"column":5}},{"start":{"line":24,"column":6},"end":{"line":24,"column":16}}],"line":19}},"s":{"0":0,"1":0,"2":0,"3":0},"f":{"0":0,"1":0,"2":0,"3":0},"b":{"0":[0,0],"1":[0,0]},"_coverageSchema":"332fd63041d2c1bcb487cc26dd0d5f7d97098a6c","hash":"54cb705a3228d72d906952742ca975c52e10b2d8"}
,"/home/carla/workspace/LegalCheckup/client/src/wrappers/makePreviousQuestionButton/index.js": {"path":"/home/carla/workspace/LegalCheckup/client/src/wrappers/makePreviousQuestionButton/index.js","statementMap":{"0":{"start":{"line":6,"column":2},"end":{"line":9,"column":3}},"1":{"start":{"line":13,"column":2},"end":{"line":15,"column":3}},"2":{"start":{"line":14,"column":19},"end":{"line":14,"column":56}},"3":{"start":{"line":19,"column":2},"end":{"line":24,"column":16}}},"fnMap":{"0":{"name":"mapStateToProps","decl":{"start":{"line":5,"column":9},"end":{"line":5,"column":24}},"loc":{"start":{"line":5,"column":47},"end":{"line":10,"column":1}},"line":5},"1":{"name":"mapDispatchToProps","decl":{"start":{"line":12,"column":9},"end":{"line":12,"column":27}},"loc":{"start":{"line":12,"column":39},"end":{"line":16,"column":1}},"line":12},"2":{"name":"(anonymous_2)","decl":{"start":{"line":14,"column":13},"end":{"line":14,"column":14}},"loc":{"start":{"line":14,"column":19},"end":{"line":14,"column":56}},"line":14},"3":{"name":"mergeProps","decl":{"start":{"line":18,"column":9},"end":{"line":18,"column":19}},"loc":{"start":{"line":18,"column":48},"end":{"line":25,"column":1}},"line":18}},"branchMap":{"0":{"loc":{"start":{"line":7,"column":14},"end":{"line":7,"column":51}},"type":"binary-expr","locations":[{"start":{"line":7,"column":14},"end":{"line":7,"column":22}},{"start":{"line":7,"column":26},"end":{"line":7,"column":51}}],"line":7},"1":{"loc":{"start":{"line":19,"column":9},"end":{"line":24,"column":16}},"type":"cond-expr","locations":[{"start":{"line":20,"column":6},"end":{"line":23,"column":5}},{"start":{"line":24,"column":6},"end":{"line":24,"column":16}}],"line":19}},"s":{"0":0,"1":0,"2":0,"3":0},"f":{"0":0,"1":0,"2":0,"3":0},"b":{"0":[0,0],"1":[0,0]},"_coverageSchema":"332fd63041d2c1bcb487cc26dd0d5f7d97098a6c","hash":"d7cc40d2ab3efb39e2a3e1b78a97e342ec7a7931"}
,"/home/carla/workspace/LegalCheckup/client/src/wrappers/makeQuestionButton/index.js": {"path":"/home/carla/workspace/LegalCheckup/client/src/wrappers/makeQuestionButton/index.js","statementMap":{"0":{"start":{"line":1,"column":0},"end":{"line":null,"column":-1}},"1":{"start":{"line":2,"column":0},"end":{"line":null,"column":-1}},"2":{"start":{"line":3,"column":0},"end":{"line":null,"column":-1}},"3":{"start":{"line":5,"column":62},"end":{"line":5,"column":61}},"4":{"start":{"line":6,"column":2},"end":{"line":null,"column":-1}},"5":{"start":{"line":12,"column":58},"end":{"line":12,"column":57}},"6":{"start":{"line":13,"column":2},"end":{"line":null,"column":-1}},"7":{"start":{"line":19,"column":2},"end":{"line":null,"column":-1}}},"fnMap":{"0":{"name":"mapStateToProps","decl":{"start":{"line":5,"column":9},"end":{"line":5,"column":0}},"loc":{"start":{"line":5,"column":62},"end":{"line":10,"column":1}}},"1":{"name":"mapDispatchToProps","decl":{"start":{"line":12,"column":9},"end":{"line":12,"column":0}},"loc":{"start":{"line":12,"column":58},"end":{"line":16,"column":1}}},"2":{"name":"mergeProps","decl":{"start":{"line":18,"column":9},"end":{"line":18,"column":0}},"loc":{"start":{"line":18,"column":48},"end":{"line":25,"column":1}}}},"branchMap":{"0":{"loc":{"start":{"line":7,"column":14},"end":{"line":7,"column":22}},"type":"binary-expr","locations":[{"start":{"line":7,"column":14},"end":{"line":7,"column":22}},{"start":{"line":7,"column":26},"end":{"line":6,"column":9}}]},"1":{"loc":{"start":{"line":19,"column":9},"end":{"line":24,"column":5}},"type":"cond-expr","locations":[{"start":{"line":19,"column":9},"end":{"line":24,"column":5}},{"start":{"line":24,"column":6},"end":{"line":19,"column":2}}]}},"s":{"0":0,"1":0,"2":0,"3":0,"4":0,"5":0,"6":0,"7":0},"f":{"0":0,"1":0,"2":0},"b":{"0":[0,0],"1":[0,0]}}
}
